  main.cpp
X:\tout le reste\visual studio 2022 project\SFML Game\main.cpp(111,28): warning C4305: 'argument' : troncation de 'double' à 'float'
X:\tout le reste\visual studio 2022 project\SFML Game\main.cpp(119,36): warning C4305: 'argument' : troncation de 'double' à 'float'
X:\tout le reste\visual studio 2022 project\SFML Game\main.cpp(640,29): warning C4305: 'argument' : troncation de 'double' à 'float'
X:\tout le reste\visual studio 2022 project\SFML Game\main.cpp(657,36): warning C4305: 'argument' : troncation de 'double' à 'float'
X:\tout le reste\visual studio 2022 project\SFML Game\main.cpp(809,31): warning C4305: 'initialisation' : troncation de 'double' à 'float'
X:\tout le reste\visual studio 2022 project\SFML Game\main.cpp(810,31): warning C4305: 'initialisation' : troncation de 'double' à 'float'
X:\tout le reste\visual studio 2022 project\SFML Game\main.cpp(811,31): warning C4305: 'initialisation' : troncation de 'double' à 'float'
X:\tout le reste\visual studio 2022 project\SFML Game\main.cpp(1045,58): warning C4305: 'argument' : troncation de 'double' à 'float'
X:\tout le reste\visual studio 2022 project\SFML Game\main.cpp(1101,58): warning C4305: 'argument' : troncation de 'double' à 'float'
X:\tout le reste\visual studio 2022 project\SFML Game\main.cpp(1160,58): warning C4305: 'argument' : troncation de 'double' à 'float'
X:\tout le reste\visual studio 2022 project\SFML Game\main.cpp(1210,58): warning C4305: 'argument' : troncation de 'double' à 'float'
X:\tout le reste\visual studio 2022 project\SFML Game\main.cpp(1276,58): warning C4305: 'argument' : troncation de 'double' à 'float'
X:\tout le reste\visual studio 2022 project\SFML Game\main.cpp(1340,54): warning C4305: 'argument' : troncation de 'double' à 'float'
X:\tout le reste\visual studio 2022 project\SFML Game\main.cpp(1405,58): warning C4305: 'argument' : troncation de 'double' à 'float'
X:\tout le reste\visual studio 2022 project\SFML Game\main.cpp(1468,58): warning C4305: 'argument' : troncation de 'double' à 'float'
X:\tout le reste\visual studio 2022 project\SFML Game\main.cpp(1545,54): warning C4305: 'argument' : troncation de 'double' à 'float'
X:\tout le reste\visual studio 2022 project\SFML Game\main.cpp(1546,45): warning C4305: 'argument' : troncation de 'double' à 'float'
X:\tout le reste\visual studio 2022 project\SFML Game\main.cpp(1567,54): warning C4305: 'argument' : troncation de 'double' à 'float'
X:\tout le reste\visual studio 2022 project\SFML Game\main.cpp(1576,50): warning C4305: 'argument' : troncation de 'double' à 'float'
X:\tout le reste\visual studio 2022 project\SFML Game\main.cpp(1601,54): warning C4305: 'argument' : troncation de 'double' à 'float'
X:\tout le reste\visual studio 2022 project\SFML Game\main.cpp(1602,49): warning C4305: 'argument' : troncation de 'double' à 'float'
X:\tout le reste\visual studio 2022 project\SFML Game\main.cpp(1741,31): warning C4305: '+=' : troncation de 'double' à 'float'
X:\tout le reste\visual studio 2022 project\SFML Game\main.cpp(1758,44): warning C4305: 'argument' : troncation de 'double' à 'float'
X:\tout le reste\visual studio 2022 project\SFML Game\main.cpp(1765,43): warning C4305: 'argument' : troncation de 'double' à 'float'
X:\tout le reste\visual studio 2022 project\SFML Game\main.cpp(1771,44): warning C4305: 'argument' : troncation de 'double' à 'float'
X:\tout le reste\visual studio 2022 project\SFML Game\main.cpp(1778,44): warning C4305: 'argument' : troncation de 'double' à 'float'
X:\tout le reste\visual studio 2022 project\SFML Game\main.cpp(1784,45): warning C4305: 'argument' : troncation de 'double' à 'float'
X:\tout le reste\visual studio 2022 project\SFML Game\main.cpp(1839,31): warning C4305: '+=' : troncation de 'double' à 'float'
X:\tout le reste\visual studio 2022 project\SFML Game\main.cpp(1849,30): warning C4305: '+=' : troncation de 'double' à 'float'
X:\tout le reste\visual studio 2022 project\SFML Game\main.cpp(1859,29): warning C4305: '+=' : troncation de 'double' à 'float'
X:\tout le reste\visual studio 2022 project\SFML Game\main.cpp(1873,25): warning C4305: '+=' : troncation de 'double' à 'float'
X:\tout le reste\visual studio 2022 project\SFML Game\main.cpp(1893,27): warning C4305: '-=' : troncation de 'double' à 'float'
X:\tout le reste\visual studio 2022 project\SFML Game\main.cpp(1926,57): warning C4244: 'argument' : conversion de 'float' en 'sf::Uint8', perte possible de données
X:\tout le reste\visual studio 2022 project\SFML Game\main.cpp(1927,62): warning C4244: 'argument' : conversion de 'float' en 'sf::Uint8', perte possible de données
X:\tout le reste\visual studio 2022 project\SFML Game\main.cpp(1939,56): warning C4244: 'argument' : conversion de 'int' en 'T', perte possible de données
          with
          [
              T=float
          ]
X:\tout le reste\visual studio 2022 project\SFML Game\main.cpp(1941,33): warning C4305: 'argument' : troncation de 'double' à 'float'
X:\tout le reste\visual studio 2022 project\SFML Game\main.cpp(1948,57): warning C4244: 'argument' : conversion de 'int' en 'T', perte possible de données
          with
          [
              T=float
          ]
X:\tout le reste\visual studio 2022 project\SFML Game\main.cpp(1950,34): warning C4305: 'argument' : troncation de 'double' à 'float'
X:\tout le reste\visual studio 2022 project\SFML Game\main.cpp(1957,57): warning C4244: 'argument' : conversion de 'int' en 'T', perte possible de données
          with
          [
              T=float
          ]
X:\tout le reste\visual studio 2022 project\SFML Game\main.cpp(1959,34): warning C4305: 'argument' : troncation de 'double' à 'float'
X:\tout le reste\visual studio 2022 project\SFML Game\main.cpp(1966,57): warning C4244: 'argument' : conversion de 'int' en 'T', perte possible de données
          with
          [
              T=float
          ]
X:\tout le reste\visual studio 2022 project\SFML Game\main.cpp(1968,34): warning C4305: 'argument' : troncation de 'double' à 'float'
X:\tout le reste\visual studio 2022 project\SFML Game\main.cpp(1975,57): warning C4244: 'argument' : conversion de 'int' en 'T', perte possible de données
          with
          [
              T=float
          ]
X:\tout le reste\visual studio 2022 project\SFML Game\main.cpp(1977,35): warning C4305: 'argument' : troncation de 'double' à 'float'
X:\tout le reste\visual studio 2022 project\SFML Game\main.cpp(1984,57): warning C4244: 'argument' : conversion de 'int' en 'T', perte possible de données
          with
          [
              T=float
          ]
X:\tout le reste\visual studio 2022 project\SFML Game\main.cpp(1986,35): warning C4305: 'argument' : troncation de 'double' à 'float'
X:\tout le reste\visual studio 2022 project\SFML Game\main.cpp(1993,57): warning C4244: 'argument' : conversion de 'int' en 'T', perte possible de données
          with
          [
              T=float
          ]
X:\tout le reste\visual studio 2022 project\SFML Game\main.cpp(1995,36): warning C4305: 'argument' : troncation de 'double' à 'float'
X:\tout le reste\visual studio 2022 project\SFML Game\main.cpp(2002,57): warning C4244: 'argument' : conversion de 'int' en 'T', perte possible de données
          with
          [
              T=float
          ]
X:\tout le reste\visual studio 2022 project\SFML Game\main.cpp(2004,36): warning C4305: 'argument' : troncation de 'double' à 'float'
X:\tout le reste\visual studio 2022 project\SFML Game\main.cpp(2011,58): warning C4244: 'argument' : conversion de 'int' en 'T', perte possible de données
          with
          [
              T=float
          ]
X:\tout le reste\visual studio 2022 project\SFML Game\main.cpp(2013,36): warning C4305: 'argument' : troncation de 'double' à 'float'
X:\tout le reste\visual studio 2022 project\SFML Game\main.cpp(2021,56): warning C4244: 'argument' : conversion de 'int' en 'T', perte possible de données
          with
          [
              T=float
          ]
X:\tout le reste\visual studio 2022 project\SFML Game\main.cpp(2023,32): warning C4305: 'argument' : troncation de 'double' à 'float'
X:\tout le reste\visual studio 2022 project\SFML Game\main.cpp(2030,57): warning C4244: 'argument' : conversion de 'int' en 'T', perte possible de données
          with
          [
              T=float
          ]
X:\tout le reste\visual studio 2022 project\SFML Game\main.cpp(2032,33): warning C4305: 'argument' : troncation de 'double' à 'float'
X:\tout le reste\visual studio 2022 project\SFML Game\main.cpp(2039,57): warning C4244: 'argument' : conversion de 'int' en 'T', perte possible de données
          with
          [
              T=float
          ]
X:\tout le reste\visual studio 2022 project\SFML Game\main.cpp(2041,33): warning C4305: 'argument' : troncation de 'double' à 'float'
X:\tout le reste\visual studio 2022 project\SFML Game\main.cpp(2048,57): warning C4244: 'argument' : conversion de 'int' en 'T', perte possible de données
          with
          [
              T=float
          ]
X:\tout le reste\visual studio 2022 project\SFML Game\main.cpp(2050,33): warning C4305: 'argument' : troncation de 'double' à 'float'
X:\tout le reste\visual studio 2022 project\SFML Game\main.cpp(2057,57): warning C4244: 'argument' : conversion de 'int' en 'T', perte possible de données
          with
          [
              T=float
          ]
X:\tout le reste\visual studio 2022 project\SFML Game\main.cpp(2059,34): warning C4305: 'argument' : troncation de 'double' à 'float'
X:\tout le reste\visual studio 2022 project\SFML Game\main.cpp(2066,57): warning C4244: 'argument' : conversion de 'int' en 'T', perte possible de données
          with
          [
              T=float
          ]
X:\tout le reste\visual studio 2022 project\SFML Game\main.cpp(2068,36): warning C4305: 'argument' : troncation de 'double' à 'float'
X:\tout le reste\visual studio 2022 project\SFML Game\main.cpp(2075,57): warning C4244: 'argument' : conversion de 'int' en 'T', perte possible de données
          with
          [
              T=float
          ]
X:\tout le reste\visual studio 2022 project\SFML Game\main.cpp(2077,35): warning C4305: 'argument' : troncation de 'double' à 'float'
X:\tout le reste\visual studio 2022 project\SFML Game\main.cpp(2084,57): warning C4244: 'argument' : conversion de 'int' en 'T', perte possible de données
          with
          [
              T=float
          ]
X:\tout le reste\visual studio 2022 project\SFML Game\main.cpp(2086,35): warning C4305: 'argument' : troncation de 'double' à 'float'
X:\tout le reste\visual studio 2022 project\SFML Game\main.cpp(2093,58): warning C4244: 'argument' : conversion de 'int' en 'T', perte possible de données
          with
          [
              T=float
          ]
X:\tout le reste\visual studio 2022 project\SFML Game\main.cpp(2095,35): warning C4305: 'argument' : troncation de 'double' à 'float'
X:\tout le reste\visual studio 2022 project\SFML Game\main.cpp(2106,57): warning C4244: 'argument' : conversion de 'int' en 'T', perte possible de données
          with
          [
              T=float
          ]
X:\tout le reste\visual studio 2022 project\SFML Game\main.cpp(2115,58): warning C4244: 'argument' : conversion de 'int' en 'T', perte possible de données
          with
          [
              T=float
          ]
X:\tout le reste\visual studio 2022 project\SFML Game\main.cpp(2124,58): warning C4244: 'argument' : conversion de 'int' en 'T', perte possible de données
          with
          [
              T=float
          ]
X:\tout le reste\visual studio 2022 project\SFML Game\main.cpp(2133,58): warning C4244: 'argument' : conversion de 'int' en 'T', perte possible de données
          with
          [
              T=float
          ]
X:\tout le reste\visual studio 2022 project\SFML Game\main.cpp(2135,34): warning C4305: 'argument' : troncation de 'double' à 'float'
X:\tout le reste\visual studio 2022 project\SFML Game\main.cpp(2142,58): warning C4244: 'argument' : conversion de 'int' en 'T', perte possible de données
          with
          [
              T=float
          ]
X:\tout le reste\visual studio 2022 project\SFML Game\main.cpp(2144,35): warning C4305: 'argument' : troncation de 'double' à 'float'
X:\tout le reste\visual studio 2022 project\SFML Game\main.cpp(2151,58): warning C4244: 'argument' : conversion de 'int' en 'T', perte possible de données
          with
          [
              T=float
          ]
X:\tout le reste\visual studio 2022 project\SFML Game\main.cpp(2153,36): warning C4305: 'argument' : troncation de 'double' à 'float'
X:\tout le reste\visual studio 2022 project\SFML Game\main.cpp(2160,58): warning C4244: 'argument' : conversion de 'int' en 'T', perte possible de données
          with
          [
              T=float
          ]
X:\tout le reste\visual studio 2022 project\SFML Game\main.cpp(2162,36): warning C4305: 'argument' : troncation de 'double' à 'float'
X:\tout le reste\visual studio 2022 project\SFML Game\main.cpp(2169,58): warning C4244: 'argument' : conversion de 'int' en 'T', perte possible de données
          with
          [
              T=float
          ]
X:\tout le reste\visual studio 2022 project\SFML Game\main.cpp(2171,36): warning C4305: 'argument' : troncation de 'double' à 'float'
X:\tout le reste\visual studio 2022 project\SFML Game\main.cpp(2178,59): warning C4244: 'argument' : conversion de 'int' en 'T', perte possible de données
          with
          [
              T=float
          ]
X:\tout le reste\visual studio 2022 project\SFML Game\main.cpp(2180,35): warning C4305: 'argument' : troncation de 'double' à 'float'
X:\tout le reste\visual studio 2022 project\SFML Game\main.cpp(2188,57): warning C4244: 'argument' : conversion de 'int' en 'T', perte possible de données
          with
          [
              T=float
          ]
X:\tout le reste\visual studio 2022 project\SFML Game\main.cpp(2190,33): warning C4305: 'argument' : troncation de 'double' à 'float'
X:\tout le reste\visual studio 2022 project\SFML Game\main.cpp(2197,58): warning C4244: 'argument' : conversion de 'int' en 'T', perte possible de données
          with
          [
              T=float
          ]
X:\tout le reste\visual studio 2022 project\SFML Game\main.cpp(2199,34): warning C4305: 'argument' : troncation de 'double' à 'float'
X:\tout le reste\visual studio 2022 project\SFML Game\main.cpp(2206,58): warning C4244: 'argument' : conversion de 'int' en 'T', perte possible de données
          with
          [
              T=float
          ]
X:\tout le reste\visual studio 2022 project\SFML Game\main.cpp(2208,33): warning C4305: 'argument' : troncation de 'double' à 'float'
X:\tout le reste\visual studio 2022 project\SFML Game\main.cpp(2215,58): warning C4244: 'argument' : conversion de 'int' en 'T', perte possible de données
          with
          [
              T=float
          ]
X:\tout le reste\visual studio 2022 project\SFML Game\main.cpp(2217,34): warning C4305: 'argument' : troncation de 'double' à 'float'
X:\tout le reste\visual studio 2022 project\SFML Game\main.cpp(2224,58): warning C4244: 'argument' : conversion de 'int' en 'T', perte possible de données
          with
          [
              T=float
          ]
X:\tout le reste\visual studio 2022 project\SFML Game\main.cpp(2226,33): warning C4305: 'argument' : troncation de 'double' à 'float'
X:\tout le reste\visual studio 2022 project\SFML Game\main.cpp(2233,58): warning C4244: 'argument' : conversion de 'int' en 'T', perte possible de données
          with
          [
              T=float
          ]
X:\tout le reste\visual studio 2022 project\SFML Game\main.cpp(2235,36): warning C4305: 'argument' : troncation de 'double' à 'float'
X:\tout le reste\visual studio 2022 project\SFML Game\main.cpp(2242,58): warning C4244: 'argument' : conversion de 'int' en 'T', perte possible de données
          with
          [
              T=float
          ]
X:\tout le reste\visual studio 2022 project\SFML Game\main.cpp(2244,34): warning C4305: 'argument' : troncation de 'double' à 'float'
X:\tout le reste\visual studio 2022 project\SFML Game\main.cpp(2251,58): warning C4244: 'argument' : conversion de 'int' en 'T', perte possible de données
          with
          [
              T=float
          ]
X:\tout le reste\visual studio 2022 project\SFML Game\main.cpp(2253,34): warning C4305: 'argument' : troncation de 'double' à 'float'
X:\tout le reste\visual studio 2022 project\SFML Game\main.cpp(2260,59): warning C4244: 'argument' : conversion de 'int' en 'T', perte possible de données
          with
          [
              T=float
          ]
X:\tout le reste\visual studio 2022 project\SFML Game\main.cpp(2262,34): warning C4305: 'argument' : troncation de 'double' à 'float'
X:\tout le reste\visual studio 2022 project\SFML Game\main.cpp(2273,57): warning C4244: 'argument' : conversion de 'int' en 'T', perte possible de données
          with
          [
              T=float
          ]
X:\tout le reste\visual studio 2022 project\SFML Game\main.cpp(2275,33): warning C4305: 'argument' : troncation de 'double' à 'float'
X:\tout le reste\visual studio 2022 project\SFML Game\main.cpp(2282,58): warning C4244: 'argument' : conversion de 'int' en 'T', perte possible de données
          with
          [
              T=float
          ]
X:\tout le reste\visual studio 2022 project\SFML Game\main.cpp(2284,34): warning C4305: 'argument' : troncation de 'double' à 'float'
X:\tout le reste\visual studio 2022 project\SFML Game\main.cpp(2291,58): warning C4244: 'argument' : conversion de 'int' en 'T', perte possible de données
          with
          [
              T=float
          ]
X:\tout le reste\visual studio 2022 project\SFML Game\main.cpp(2293,34): warning C4305: 'argument' : troncation de 'double' à 'float'
X:\tout le reste\visual studio 2022 project\SFML Game\main.cpp(2300,58): warning C4244: 'argument' : conversion de 'int' en 'T', perte possible de données
          with
          [
              T=float
          ]
X:\tout le reste\visual studio 2022 project\SFML Game\main.cpp(2302,34): warning C4305: 'argument' : troncation de 'double' à 'float'
X:\tout le reste\visual studio 2022 project\SFML Game\main.cpp(2309,58): warning C4244: 'argument' : conversion de 'int' en 'T', perte possible de données
          with
          [
              T=float
          ]
X:\tout le reste\visual studio 2022 project\SFML Game\main.cpp(2311,35): warning C4305: 'argument' : troncation de 'double' à 'float'
X:\tout le reste\visual studio 2022 project\SFML Game\main.cpp(2318,58): warning C4244: 'argument' : conversion de 'int' en 'T', perte possible de données
          with
          [
              T=float
          ]
X:\tout le reste\visual studio 2022 project\SFML Game\main.cpp(2320,36): warning C4305: 'argument' : troncation de 'double' à 'float'
X:\tout le reste\visual studio 2022 project\SFML Game\main.cpp(2327,58): warning C4244: 'argument' : conversion de 'int' en 'T', perte possible de données
          with
          [
              T=float
          ]
X:\tout le reste\visual studio 2022 project\SFML Game\main.cpp(2329,36): warning C4305: 'argument' : troncation de 'double' à 'float'
X:\tout le reste\visual studio 2022 project\SFML Game\main.cpp(2336,58): warning C4244: 'argument' : conversion de 'int' en 'T', perte possible de données
          with
          [
              T=float
          ]
X:\tout le reste\visual studio 2022 project\SFML Game\main.cpp(2338,36): warning C4305: 'argument' : troncation de 'double' à 'float'
X:\tout le reste\visual studio 2022 project\SFML Game\main.cpp(2345,59): warning C4244: 'argument' : conversion de 'int' en 'T', perte possible de données
          with
          [
              T=float
          ]
X:\tout le reste\visual studio 2022 project\SFML Game\main.cpp(2347,35): warning C4305: 'argument' : troncation de 'double' à 'float'
X:\tout le reste\visual studio 2022 project\SFML Game\main.cpp(2355,58): warning C4244: 'argument' : conversion de 'int' en 'T', perte possible de données
          with
          [
              T=float
          ]
X:\tout le reste\visual studio 2022 project\SFML Game\main.cpp(2357,34): warning C4305: 'argument' : troncation de 'double' à 'float'
X:\tout le reste\visual studio 2022 project\SFML Game\main.cpp(2364,59): warning C4244: 'argument' : conversion de 'int' en 'T', perte possible de données
          with
          [
              T=float
          ]
X:\tout le reste\visual studio 2022 project\SFML Game\main.cpp(2366,34): warning C4305: 'argument' : troncation de 'double' à 'float'
X:\tout le reste\visual studio 2022 project\SFML Game\main.cpp(2373,59): warning C4244: 'argument' : conversion de 'int' en 'T', perte possible de données
          with
          [
              T=float
          ]
X:\tout le reste\visual studio 2022 project\SFML Game\main.cpp(2375,33): warning C4305: 'argument' : troncation de 'double' à 'float'
X:\tout le reste\visual studio 2022 project\SFML Game\main.cpp(2382,59): warning C4244: 'argument' : conversion de 'int' en 'T', perte possible de données
          with
          [
              T=float
          ]
X:\tout le reste\visual studio 2022 project\SFML Game\main.cpp(2384,34): warning C4305: 'argument' : troncation de 'double' à 'float'
X:\tout le reste\visual studio 2022 project\SFML Game\main.cpp(2391,59): warning C4244: 'argument' : conversion de 'int' en 'T', perte possible de données
          with
          [
              T=float
          ]
X:\tout le reste\visual studio 2022 project\SFML Game\main.cpp(2393,34): warning C4305: 'argument' : troncation de 'double' à 'float'
X:\tout le reste\visual studio 2022 project\SFML Game\main.cpp(2400,59): warning C4244: 'argument' : conversion de 'int' en 'T', perte possible de données
          with
          [
              T=float
          ]
X:\tout le reste\visual studio 2022 project\SFML Game\main.cpp(2402,36): warning C4305: 'argument' : troncation de 'double' à 'float'
X:\tout le reste\visual studio 2022 project\SFML Game\main.cpp(2409,59): warning C4244: 'argument' : conversion de 'int' en 'T', perte possible de données
          with
          [
              T=float
          ]
X:\tout le reste\visual studio 2022 project\SFML Game\main.cpp(2411,35): warning C4305: 'argument' : troncation de 'double' à 'float'
X:\tout le reste\visual studio 2022 project\SFML Game\main.cpp(2418,59): warning C4244: 'argument' : conversion de 'int' en 'T', perte possible de données
          with
          [
              T=float
          ]
X:\tout le reste\visual studio 2022 project\SFML Game\main.cpp(2420,35): warning C4305: 'argument' : troncation de 'double' à 'float'
X:\tout le reste\visual studio 2022 project\SFML Game\main.cpp(2427,60): warning C4244: 'argument' : conversion de 'int' en 'T', perte possible de données
          with
          [
              T=float
          ]
X:\tout le reste\visual studio 2022 project\SFML Game\main.cpp(2429,35): warning C4305: 'argument' : troncation de 'double' à 'float'
X:\tout le reste\visual studio 2022 project\SFML Game\main.cpp(2473,59): warning C4244: 'argument' : conversion de 'int' en 'T', perte possible de données
          with
          [
              T=float
          ]
X:\tout le reste\visual studio 2022 project\SFML Game\main.cpp(2475,37): warning C4305: 'argument' : troncation de 'double' à 'float'
X:\tout le reste\visual studio 2022 project\SFML Game\main.cpp(2482,60): warning C4244: 'argument' : conversion de 'int' en 'T', perte possible de données
          with
          [
              T=float
          ]
X:\tout le reste\visual studio 2022 project\SFML Game\main.cpp(2484,38): warning C4305: 'argument' : troncation de 'double' à 'float'
X:\tout le reste\visual studio 2022 project\SFML Game\main.cpp(2491,60): warning C4244: 'argument' : conversion de 'int' en 'T', perte possible de données
          with
          [
              T=float
          ]
X:\tout le reste\visual studio 2022 project\SFML Game\main.cpp(2500,60): warning C4244: 'argument' : conversion de 'int' en 'T', perte possible de données
          with
          [
              T=float
          ]
X:\tout le reste\visual studio 2022 project\SFML Game\main.cpp(2502,38): warning C4305: 'argument' : troncation de 'double' à 'float'
X:\tout le reste\visual studio 2022 project\SFML Game\main.cpp(2509,60): warning C4244: 'argument' : conversion de 'int' en 'T', perte possible de données
          with
          [
              T=float
          ]
X:\tout le reste\visual studio 2022 project\SFML Game\main.cpp(2518,60): warning C4244: 'argument' : conversion de 'int' en 'T', perte possible de données
          with
          [
              T=float
          ]
X:\tout le reste\visual studio 2022 project\SFML Game\main.cpp(2520,38): warning C4305: 'argument' : troncation de 'double' à 'float'
X:\tout le reste\visual studio 2022 project\SFML Game\main.cpp(2528,38): warning C4305: '=' : troncation de 'double' à 'float'
X:\tout le reste\visual studio 2022 project\SFML Game\main.cpp(2529,38): warning C4305: '=' : troncation de 'double' à 'float'
X:\tout le reste\visual studio 2022 project\SFML Game\main.cpp(2535,37): warning C4305: '=' : troncation de 'double' à 'float'
X:\tout le reste\visual studio 2022 project\SFML Game\main.cpp(2542,59): warning C4244: 'argument' : conversion de 'int' en 'T', perte possible de données
          with
          [
              T=float
          ]
X:\tout le reste\visual studio 2022 project\SFML Game\main.cpp(2545,41): warning C4305: '-=' : troncation de 'double' à 'float'
X:\tout le reste\visual studio 2022 project\SFML Game\main.cpp(2560,59): warning C4244: 'argument' : conversion de 'int' en 'T', perte possible de données
          with
          [
              T=float
          ]
X:\tout le reste\visual studio 2022 project\SFML Game\main.cpp(2563,41): warning C4305: '-=' : troncation de 'double' à 'float'
X:\tout le reste\visual studio 2022 project\SFML Game\main.cpp(2578,59): warning C4244: 'argument' : conversion de 'int' en 'T', perte possible de données
          with
          [
              T=float
          ]
X:\tout le reste\visual studio 2022 project\SFML Game\main.cpp(2581,41): warning C4305: '-=' : troncation de 'double' à 'float'
X:\tout le reste\visual studio 2022 project\SFML Game\main.cpp(2604,60): warning C4244: 'argument' : conversion de 'int' en 'T', perte possible de données
          with
          [
              T=float
          ]
X:\tout le reste\visual studio 2022 project\SFML Game\main.cpp(2607,38): warning C4305: 'argument' : troncation de 'double' à 'float'
X:\tout le reste\visual studio 2022 project\SFML Game\main.cpp(2614,61): warning C4244: 'argument' : conversion de 'int' en 'T', perte possible de données
          with
          [
              T=float
          ]
X:\tout le reste\visual studio 2022 project\SFML Game\main.cpp(2617,39): warning C4305: 'argument' : troncation de 'double' à 'float'
X:\tout le reste\visual studio 2022 project\SFML Game\main.cpp(2624,61): warning C4244: 'argument' : conversion de 'int' en 'T', perte possible de données
          with
          [
              T=float
          ]
X:\tout le reste\visual studio 2022 project\SFML Game\main.cpp(2627,39): warning C4305: 'argument' : troncation de 'double' à 'float'
X:\tout le reste\visual studio 2022 project\SFML Game\main.cpp(2675,46): warning C4305: 'argument' : troncation de 'double' à 'float'
X:\tout le reste\visual studio 2022 project\SFML Game\main.cpp(2712,46): warning C4305: 'argument' : troncation de 'double' à 'float'
X:\tout le reste\visual studio 2022 project\SFML Game\main.cpp(2847,30): warning C4244: 'initialisation' : conversion de 'double' en 'int', perte possible de données
X:\tout le reste\visual studio 2022 project\SFML Game\main.cpp(2850,38): warning C4244: 'argument' : conversion de 'int' en 'float', perte possible de données
X:\tout le reste\visual studio 2022 project\SFML Game\main.cpp(2871,30): warning C4244: 'initialisation' : conversion de 'double' en 'int', perte possible de données
X:\tout le reste\visual studio 2022 project\SFML Game\main.cpp(2874,38): warning C4244: 'argument' : conversion de 'int' en 'float', perte possible de données
X:\tout le reste\visual studio 2022 project\SFML Game\main.cpp(2893,30): warning C4244: 'initialisation' : conversion de 'double' en 'int', perte possible de données
X:\tout le reste\visual studio 2022 project\SFML Game\main.cpp(2896,38): warning C4244: 'argument' : conversion de 'int' en 'float', perte possible de données
X:\tout le reste\visual studio 2022 project\SFML Game\main.cpp(2915,30): warning C4244: 'initialisation' : conversion de 'double' en 'int', perte possible de données
X:\tout le reste\visual studio 2022 project\SFML Game\main.cpp(2918,38): warning C4244: 'argument' : conversion de 'int' en 'float', perte possible de données
X:\tout le reste\visual studio 2022 project\SFML Game\main.cpp(2929,43): warning C4244: 'argument' : conversion de 'int' en 'float', perte possible de données
X:\tout le reste\visual studio 2022 project\SFML Game\main.cpp(2941,43): warning C4244: 'argument' : conversion de 'int' en 'float', perte possible de données
X:\tout le reste\visual studio 2022 project\SFML Game\main.cpp(2954,43): warning C4244: 'argument' : conversion de 'int' en 'float', perte possible de données
  SFML Game.vcxproj -> X:\tout le reste\visual studio 2022 project\SFML Game\x64\Debug\SFML Game.exe
